core.init: Rosetta version unknown:3bdcad6272fdb86400b86da9e5673f3fa62656ec 2017-02-18 05:03:14 -0500 from /home/benchmark/release/rosetta/git/release/rosetta.binary.linux.release.git
core.init: command: /home/gaillard/prog/rosetta/rosetta_bin_linux_2017.08.59291_bundle/main/source/bin/fixbb.static.linuxgccrelease -s pdb.bb/1ABO.pdb -in:use_truncated_termini true -nstruct 20 -scorefile 1ABO.rosetta.sc -out:suffix .rosetta
core.init: 'RNG device' seed mode, using '/dev/urandom', seed=-249349521 seed_offset=0 real_seed=-249349521
core.init.random: RandomGenerator:init: Normal mode, seed=-249349521 RG_type=mt19937
core.init: Resolved executable path: /home/gaillard/prog/rosetta/rosetta_bin_linux_2017.08.59291_bundle/main/source/build/src/release/linux/3.10/64/x86/gcc/4.8/static/fixbb.static.linuxgccrelease
core.init: Looking for database based on location of executable: /home/gaillard/prog/rosetta/rosetta_bin_linux_2017.08.59291_bundle/main/database/
protocols.jd2.PDBJobInputter: Instantiate PDBJobInputter
protocols.jd2.PDBJobInputter: PDBJobInputter::fill_jobs
protocols.jd2.PDBJobInputter: pushed pdb.bb/1ABO.pdb nstruct indices 1 - 20
protocols.evaluation.ChiWellRmsdEvaluatorCreator: Evaluation Creator active ... 
core.scoring.ScoreFunctionFactory: SCOREFUNCTION: talaris2014
core.scoring.etable: Starting energy table calculation
core.scoring.etable: smooth_etable: changing atr/rep split to bottom of energy well
core.scoring.etable: smooth_etable: spline smoothing lj etables (maxdis = 6)
core.scoring.etable: smooth_etable: spline smoothing solvation etables (max_dis = 6)
core.scoring.etable: Finished calculating energy tables.
basic.io.database: Database file opened: scoring/score_functions/hbonds/sp2_elec_params/HBPoly1D.csv
basic.io.database: Database file opened: scoring/score_functions/hbonds/sp2_elec_params/HBFadeIntervals.csv
basic.io.database: Database file opened: scoring/score_functions/hbonds/sp2_elec_params/HBEval.csv
basic.io.database: Database file opened: scoring/score_functions/rama/Rama_smooth_dyn.dat_ss_6.4
basic.io.database: Database file opened: scoring/score_functions/P_AA_pp/P_AA
basic.io.database: Database file opened: scoring/score_functions/P_AA_pp/P_AA_n
basic.io.database: Database file opened: scoring/score_functions/P_AA_pp/P_AA_pp
protocols.jd2.PDBJobInputter: PDBJobInputter::pose_from_job
protocols.jd2.PDBJobInputter: filling pose from PDB pdb.bb/1ABO.pdb
core.chemical.GlobalResidueTypeSet: Finished initializing fa_standard residue type set.  Created 544 residue types
core.chemical.GlobalResidueTypeSet: Total time to initialize 0.39 seconds.
core.import_pose.import_pose: File: pdb.bb/1ABO.pdb not found!
Error: ERROR: Exception caught by JobDistributor while trying to get pose from job '1ABO.rosetta_0001'
Error: 

[ERROR] EXCN_utility_exit has been thrown from: src/core/import_pose/import_pose.cc line: 300
ERROR: Cannot open file "pdb.bb/1ABO.pdb"


Error: Treating failure as bad input; canceling similar jobs
protocols.jd2.FileSystemJobDistributor: job failed, reporting bad input; other jobs of same input will be canceled: 1ABO.rosetta_0001
protocols.jd2.JobDistributor: no more batches to process... 
protocols.jd2.JobDistributor: 20 jobs considered, 1 jobs attempted in 1 seconds
caught exception 1 jobs failed; check output for error messages
